<?xml version="1.0" encoding="UTF-8"?>
<!-- Generated by org.testng.reporters.JUnitReportReporter -->
<testsuite skipped="0" hostname="HOME-PC" name="TryToFindElements" tests="1" failures="0" timestamp="20 ноя 2020 22:39:57 GMT" time="0.371" errors="0">
  <testcase name="findElements" time="0.371" classname="TryToFindElements"/>
</testsuite> <!-- TryToFindElements -->
