<?xml version="1.0" encoding="UTF-8"?>
<!-- Generated by org.testng.reporters.JUnitReportReporter -->
<testsuite skipped="0" hostname="HOME-PC" name="TestLoginAndLogout" tests="1" failures="0" timestamp="2020-11-15T23:16:03 EET" time="12.861" errors="0">
  <testcase name="testLogin" time="12.861" classname="TestLoginAndLogout"/>
  <system-out/>
</testsuite> <!-- TestLoginAndLogout -->
